<?xml version="1.0" encoding="UTF-8"?>
<coverage generated="1600027044501" clover="3.2.0">
  <project timestamp="1600027044501" name="All files">
    <metrics statements="15" coveredstatements="12" conditionals="8" coveredconditionals="6" methods="2" coveredmethods="0" elements="25" coveredelements="18" complexity="0" loc="15" ncloc="15" packages="2" files="3" classes="3"/>
    <package name="Auth Skeleton">
      <metrics statements="11" coveredstatements="8" conditionals="6" coveredconditionals="5" methods="2" coveredmethods="0"/>
      <file name="index.js" path="C:\Users\jessb\Desktop\Dev\Reusable\Auth Skeleton\index.js">
        <metrics statements="7" coveredstatements="5" conditionals="4" coveredconditionals="3" methods="1" coveredmethods="0"/>
        <line num="1" count="3" type="stmt"/>
        <line num="3" count="3" type="stmt"/>
        <line num="5" count="3" type="cond" truecount="2" falsecount="0"/>
        <line num="7" count="3" type="cond" truecount="1" falsecount="1"/>
        <line num="8" count="0" type="stmt"/>
        <line num="9" count="0" type="stmt"/>
        <line num="13" count="3" type="stmt"/>
      </file>
      <file name="knexfile.js" path="C:\Users\jessb\Desktop\Dev\Reusable\Auth Skeleton\knexfile.js">
        <metrics statements="4" coveredstatements="3" conditionals="2" coveredconditionals="2" methods="1" coveredmethods="0"/>
        <line num="1" count="3" type="stmt"/>
        <line num="3" count="3" type="cond" truecount="2" falsecount="0"/>
        <line num="6" count="3" type="stmt"/>
        <line num="15" count="0" type="stmt"/>
      </file>
    </package>
    <package name="Auth Skeleton.data">
      <metrics statements="4" coveredstatements="4" conditionals="2" coveredconditionals="1" methods="0" coveredmethods="0"/>
      <file name="dbConfig.js" path="C:\Users\jessb\Desktop\Dev\Reusable\Auth Skeleton\data\dbConfig.js">
        <metrics statements="4" coveredstatements="4" conditionals="2" coveredconditionals="1" methods="0" coveredmethods="0"/>
        <line num="1" count="3" type="stmt"/>
        <line num="3" count="3" type="stmt"/>
        <line num="4" count="3" type="cond" truecount="1" falsecount="1"/>
        <line num="6" count="3" type="stmt"/>
      </file>
    </package>
  </project>
</coverage>
