{"C:\\Users\\jessb\\Desktop\\Dev\\Reusable\\Auth Skeleton\\index.js": {"path":"C:\\Users\\jessb\\Desktop\\Dev\\Reusable\\Auth Skeleton\\index.js","statementMap":{"0":{"start":{"line":1,"column":0},"end":{"line":1,"column":27}},"1":{"start":{"line":3,"column":15},"end":{"line":3,"column":34}},"2":{"start":{"line":5,"column":13},"end":{"line":5,"column":37}},"3":{"start":{"line":7,"column":0},"end":{"line":10,"column":6}},"4":{"start":{"line":8,"column":0},"end":{"line":10,"column":5}},"5":{"start":{"line":9,"column":4},"end":{"line":9,"column":48}},"6":{"start":{"line":13,"column":0},"end":{"line":13,"column":23}}},"fnMap":{"0":{"name":"(anonymous_0)","decl":{"start":{"line":8,"column":20},"end":{"line":8,"column":21}},"loc":{"start":{"line":8,"column":26},"end":{"line":10,"column":3}},"line":8}},"branchMap":{"0":{"loc":{"start":{"line":5,"column":13},"end":{"line":5,"column":37}},"type":"binary-expr","locations":[{"start":{"line":5,"column":13},"end":{"line":5,"column":29}},{"start":{"line":5,"column":33},"end":{"line":5,"column":37}}],"line":5},"1":{"loc":{"start":{"line":7,"column":0},"end":{"line":10,"column":6}},"type":"if","locations":[{"start":{"line":7,"column":0},"end":{"line":10,"column":6}},{"start":{"line":7,"column":0},"end":{"line":10,"column":6}}],"line":7}},"s":{"0":3,"1":3,"2":3,"3":3,"4":0,"5":0,"6":3},"f":{"0":0},"b":{"0":[3,3],"1":[0,3]},"_coverageSchema":"1a1c01bbd47fc00a2c39e90264f33305004495a9","hash":"ff3c76f8ad8f24cd2b231fbde5073f843c36e293"}
,"C:\\Users\\jessb\\Desktop\\Dev\\Reusable\\Auth Skeleton\\knexfile.js": {"path":"C:\\Users\\jessb\\Desktop\\Dev\\Reusable\\Auth Skeleton\\knexfile.js","statementMap":{"0":{"start":{"line":1,"column":0},"end":{"line":1,"column":27}},"1":{"start":{"line":3,"column":21},"end":{"line":3,"column":87}},"2":{"start":{"line":6,"column":0},"end":{"line":52,"column":2}},"3":{"start":{"line":15,"column":8},"end":{"line":15,"column":51}}},"fnMap":{"0":{"name":"(anonymous_0)","decl":{"start":{"line":14,"column":19},"end":{"line":14,"column":20}},"loc":{"start":{"line":14,"column":35},"end":{"line":16,"column":7}},"line":14}},"branchMap":{"0":{"loc":{"start":{"line":3,"column":21},"end":{"line":3,"column":87}},"type":"binary-expr","locations":[{"start":{"line":3,"column":21},"end":{"line":3,"column":45}},{"start":{"line":3,"column":49},"end":{"line":3,"column":87}}],"line":3}},"s":{"0":3,"1":3,"2":3,"3":0},"f":{"0":0},"b":{"0":[3,3]},"_coverageSchema":"1a1c01bbd47fc00a2c39e90264f33305004495a9","hash":"7100fa640bde66a7c50982806243aadf17b3fd34"}
,"C:\\Users\\jessb\\Desktop\\Dev\\Reusable\\Auth Skeleton\\data\\dbConfig.js": {"path":"C:\\Users\\jessb\\Desktop\\Dev\\Reusable\\Auth Skeleton\\data\\dbConfig.js","statementMap":{"0":{"start":{"line":1,"column":13},"end":{"line":1,"column":28}},"1":{"start":{"line":3,"column":17},"end":{"line":3,"column":42}},"2":{"start":{"line":4,"column":20},"end":{"line":4,"column":57}},"3":{"start":{"line":6,"column":0},"end":{"line":6,"column":45}}},"fnMap":{},"branchMap":{"0":{"loc":{"start":{"line":4,"column":20},"end":{"line":4,"column":57}},"type":"binary-expr","locations":[{"start":{"line":4,"column":20},"end":{"line":4,"column":40}},{"start":{"line":4,"column":44},"end":{"line":4,"column":57}}],"line":4}},"s":{"0":3,"1":3,"2":3,"3":3},"f":{},"b":{"0":[3,0]},"_coverageSchema":"1a1c01bbd47fc00a2c39e90264f33305004495a9","hash":"89f17019f77c82a03315370b4901ef67e3ef2dee"}
}
